[0m14:24:24.906491 [debug] [MainThread]: Sending event: {'category': 'dbt', 'action': 'invocation', 'label': 'start', 'context': [<snowplow_tracker.self_describing_json.SelfDescribingJson object at 0x000002D6E1FDF980>, <snowplow_tracker.self_describing_json.SelfDescribingJson object at 0x000002D6E1C8F440>, <snowplow_tracker.self_describing_json.SelfDescribingJson object at 0x000002D6E024F830>]}


============================== 14:24:24.910490 | 1b3326cf-6c0e-410c-a865-33630c6d2472 ==============================
[0m14:24:24.910490 [info ] [MainThread]: Running with dbt=1.9.0
[0m14:24:24.911490 [debug] [MainThread]: running dbt with arguments {'printer_width': '80', 'indirect_selection': 'eager', 'write_json': 'True', 'log_cache_events': 'False', 'partial_parse': 'True', 'cache_selected_only': 'False', 'profiles_dir': '../', 'version_check': 'True', 'fail_fast': 'False', 'log_path': 'logs', 'debug': 'False', 'warn_error': 'None', 'use_colors': 'True', 'use_experimental_parser': 'False', 'empty': 'None', 'quiet': 'False', 'no_print': 'None', 'warn_error_options': 'WarnErrorOptions(include=[], exclude=[])', 'introspect': 'True', 'log_format': 'default', 'invocation_command': 'dbt init', 'target_path': 'None', 'static_parser': 'True', 'send_anonymous_usage_stats': 'True'}
[0m14:24:29.902944 [debug] [MainThread]: Starter project path: c:\Users\lucas\Documents\projetos\precos-commodities\.venv\Lib\site-packages\dbt\include\starter_project
[0m14:24:29.942329 [info ] [MainThread]: 
Your new dbt project "data_warehouse" was created!

For more information on how to configure the profiles.yml file,
please consult the dbt documentation here:

  https://docs.getdbt.com/docs/configure-your-profile

One more thing:

Need help? Don't hesitate to reach out to us via GitHub issues or on Slack:

  https://community.getdbt.com/

Happy modeling!

[0m14:24:29.943333 [info ] [MainThread]: Setting up your profile.
[0m14:25:09.872958 [info ] [MainThread]: Profile data_warehouse written to ..\profiles.yml using target's profile_template.yml and your supplied values. Run 'dbt debug' to validate the connection.
[0m14:25:09.873957 [debug] [MainThread]: Command `dbt init` succeeded at 14:25:09.873957 after 45.07 seconds
[0m14:25:09.874976 [debug] [MainThread]: Sending event: {'category': 'dbt', 'action': 'invocation', 'label': 'end', 'context': [<snowplow_tracker.self_describing_json.SelfDescribingJson object at 0x000002D6DF530EC0>, <snowplow_tracker.self_describing_json.SelfDescribingJson object at 0x000002D6E2CA88C0>, <snowplow_tracker.self_describing_json.SelfDescribingJson object at 0x000002D6E28FB230>]}
[0m14:25:09.874976 [debug] [MainThread]: Flushing usage events
[0m14:25:10.456910 [debug] [MainThread]: An error was encountered while trying to flush usage events
